<?xml version="1.0" encoding="UTF-8"?>
<!-- Generated by org.testng.reporters.JUnitXMLReporter -->
<testsuite ignored="0" hostname="LAPTOP-HP3GFEN9" failures="0" tests="7" name="Default test" time="5.124" errors="0" timestamp="2024-02-22T00:15:51 IST">
  <testcase classname="Alert.AlertTest" name="alert" time="2.877"/>
  <testcase classname="Alert.AlertTest" name="prompt" time="0.097"/>
  <testcase classname="Alert.AlertTest" name="doubleclick" time="0.213"/>
  <testcase classname="Alert.AlertTest" name="uploadfile" time="0.045"/>
  <testcase classname="Alert.AlertTest" name="table" time="0.04"/>
  <testcase classname="Alert.AlertTest" name="select" time="0.112"/>
  <testcase classname="Alert.AlertTest" name="image" time="0.041"/>
</testsuite> <!-- Default test -->
