<?xml version="1.0" encoding="UTF-8"?>
<testng-results ignored="0" total="7" passed="7" failed="0" skipped="0">
  <reporter-output>
  </reporter-output>
  <suite started-at="2024-02-22T00:15:45 IST" name="Default suite" finished-at="2024-02-22T00:15:51 IST" duration-ms="5124">
    <groups>
    </groups>
    <test started-at="2024-02-22T00:15:45 IST" name="Default test" finished-at="2024-02-22T00:15:51 IST" duration-ms="5124">
      <class name="Alert.AlertTest">
        <test-method is-config="true" signature="setup()[pri:0, instance:Alert.AlertTest@21ba0741]" started-at="2024-02-22T00:15:45 IST" name="setup" finished-at="2024-02-22T00:15:47 IST" duration-ms="1584" status="PASS">
          <reporter-output>
          </reporter-output>
        </test-method> <!-- setup -->
        <test-method signature="alert()[pri:1, instance:Alert.AlertTest@21ba0741]" started-at="2024-02-22T00:15:47 IST" name="alert" finished-at="2024-02-22T00:15:50 IST" duration-ms="2877" status="PASS">
          <reporter-output>
          </reporter-output>
        </test-method> <!-- alert -->
        <test-method signature="prompt()[pri:2, instance:Alert.AlertTest@21ba0741]" started-at="2024-02-22T00:15:50 IST" name="prompt" finished-at="2024-02-22T00:15:50 IST" duration-ms="97" status="PASS">
          <reporter-output>
          </reporter-output>
        </test-method> <!-- prompt -->
        <test-method signature="doubleclick()[pri:3, instance:Alert.AlertTest@21ba0741]" started-at="2024-02-22T00:15:50 IST" name="doubleclick" finished-at="2024-02-22T00:15:50 IST" duration-ms="213" status="PASS">
          <reporter-output>
          </reporter-output>
        </test-method> <!-- doubleclick -->
        <test-method signature="uploadfile()[pri:4, instance:Alert.AlertTest@21ba0741]" started-at="2024-02-22T00:15:50 IST" name="uploadfile" finished-at="2024-02-22T00:15:50 IST" duration-ms="45" status="PASS">
          <reporter-output>
          </reporter-output>
        </test-method> <!-- uploadfile -->
        <test-method signature="table()[pri:5, instance:Alert.AlertTest@21ba0741]" started-at="2024-02-22T00:15:50 IST" name="table" finished-at="2024-02-22T00:15:50 IST" duration-ms="40" status="PASS">
          <reporter-output>
          </reporter-output>
        </test-method> <!-- table -->
        <test-method signature="select()[pri:6, instance:Alert.AlertTest@21ba0741]" started-at="2024-02-22T00:15:50 IST" name="select" finished-at="2024-02-22T00:15:50 IST" duration-ms="112" status="PASS">
          <reporter-output>
          </reporter-output>
        </test-method> <!-- select -->
        <test-method signature="image()[pri:7, instance:Alert.AlertTest@21ba0741]" started-at="2024-02-22T00:15:50 IST" name="image" finished-at="2024-02-22T00:15:51 IST" duration-ms="41" status="PASS">
          <reporter-output>
          </reporter-output>
        </test-method> <!-- image -->
      </class> <!-- Alert.AlertTest -->
    </test> <!-- Default test -->
  </suite> <!-- Default suite -->
</testng-results>
